<?xml version="1.0" encoding="UTF-8"?>
<testng-results ignored="0" total="1" passed="1" failed="0" skipped="0">
  <reporter-output>
  </reporter-output>
  <suite started-at="2021-07-20T14:37:49 IST" name="Default suite" finished-at="2021-07-20T14:37:49 IST" duration-ms="48">
    <groups>
    </groups>
    <test started-at="2021-07-20T14:37:49 IST" name="Default test" finished-at="2021-07-20T14:37:49 IST" duration-ms="48">
      <class name="test.MonthlySubscriptionTest">
        <test-method signature="add()[pri:0, instance:test.MonthlySubscriptionTest@67e2d983]" started-at="2021-07-20T14:37:49 IST" name="add" finished-at="2021-07-20T14:37:49 IST" duration-ms="26" status="PASS">
          <reporter-output>
          </reporter-output>
        </test-method> <!-- add -->
      </class> <!-- test.MonthlySubscriptionTest -->
    </test> <!-- Default test -->
  </suite> <!-- Default suite -->
</testng-results>
